2020-01-29 01:15:07 [FATAL]-[http-nio-8088-exec-2] fatal
2020-01-29 01:15:07 [ERROR]-[http-nio-8088-exec-2] error
2020-01-29 01:15:07 [WARN]-[http-nio-8088-exec-2] warn
2020-01-29 01:15:08 [FATAL]-[http-nio-8088-exec-3] fatal
2020-01-29 01:15:08 [ERROR]-[http-nio-8088-exec-3] error
2020-01-29 01:15:08 [WARN]-[http-nio-8088-exec-3] warn
2020-01-29 01:15:08 [FATAL]-[http-nio-8088-exec-6] fatal
2020-01-29 01:15:08 [ERROR]-[http-nio-8088-exec-6] error
2020-01-29 01:15:08 [WARN]-[http-nio-8088-exec-6] warn
2020-01-29 01:15:09 [FATAL]-[http-nio-8088-exec-1] fatal
2020-01-29 01:15:09 [ERROR]-[http-nio-8088-exec-1] error
2020-01-29 01:15:09 [WARN]-[http-nio-8088-exec-1] warn
2020-01-29 01:15:09 [FATAL]-[http-nio-8088-exec-4] fatal
2020-01-29 01:15:09 [ERROR]-[http-nio-8088-exec-4] error
2020-01-29 01:15:09 [WARN]-[http-nio-8088-exec-4] warn
2020-01-29 01:15:10 [FATAL]-[http-nio-8088-exec-5] fatal
2020-01-29 01:15:10 [ERROR]-[http-nio-8088-exec-5] error
2020-01-29 01:15:10 [WARN]-[http-nio-8088-exec-5] warn
2020-01-29 01:15:11 [FATAL]-[http-nio-8088-exec-8] fatal
2020-01-29 01:15:11 [ERROR]-[http-nio-8088-exec-8] error
2020-01-29 01:15:11 [WARN]-[http-nio-8088-exec-8] warn
2020-01-29 01:15:11 [FATAL]-[http-nio-8088-exec-9] fatal
2020-01-29 01:15:11 [ERROR]-[http-nio-8088-exec-9] error
2020-01-29 01:15:11 [WARN]-[http-nio-8088-exec-9] warn
2020-01-29 01:15:12 [FATAL]-[http-nio-8088-exec-7] fatal
2020-01-29 01:15:12 [ERROR]-[http-nio-8088-exec-7] error
2020-01-29 01:15:12 [WARN]-[http-nio-8088-exec-7] warn
2020-01-29 01:15:13 [FATAL]-[http-nio-8088-exec-10] fatal
2020-01-29 01:15:13 [ERROR]-[http-nio-8088-exec-10] error
2020-01-29 01:15:13 [WARN]-[http-nio-8088-exec-10] warn
2020-01-29 01:15:13 [FATAL]-[http-nio-8088-exec-2] fatal
2020-01-29 01:15:13 [ERROR]-[http-nio-8088-exec-2] error
2020-01-29 01:15:13 [WARN]-[http-nio-8088-exec-2] warn
2020-01-29 01:15:14 [FATAL]-[http-nio-8088-exec-3] fatal
2020-01-29 01:15:14 [ERROR]-[http-nio-8088-exec-3] error
2020-01-29 01:15:14 [WARN]-[http-nio-8088-exec-3] warn
2020-01-29 01:15:14 [FATAL]-[http-nio-8088-exec-6] fatal
2020-01-29 01:15:14 [ERROR]-[http-nio-8088-exec-6] error
2020-01-29 01:15:14 [WARN]-[http-nio-8088-exec-6] warn
2020-01-29 01:25:05 [FATAL]-[main] fatal
2020-01-29 01:25:05 [ERROR]-[main] error
2020-01-29 01:25:05 [WARN]-[main] warn
