2020-01-29 01:11:36 [ERROR]-[http-nio-8088-exec-2] error
2020-01-29 01:11:36 [WARN]-[http-nio-8088-exec-2] warn
2020-01-29 01:11:36 [FATAL]-[http-nio-8088-exec-4] fatal
2020-01-29 01:11:36 [ERROR]-[http-nio-8088-exec-4] error
2020-01-29 01:11:36 [WARN]-[http-nio-8088-exec-4] warn
2020-01-29 01:11:36 [FATAL]-[http-nio-8088-exec-3] fatal
2020-01-29 01:11:36 [ERROR]-[http-nio-8088-exec-3] error
2020-01-29 01:11:36 [WARN]-[http-nio-8088-exec-3] warn
2020-01-29 01:11:37 [FATAL]-[http-nio-8088-exec-7] fatal
2020-01-29 01:11:37 [ERROR]-[http-nio-8088-exec-7] error
2020-01-29 01:11:37 [WARN]-[http-nio-8088-exec-7] warn
2020-01-29 01:13:02 [FATAL]-[http-nio-8088-exec-2] fatal
2020-01-29 01:13:02 [ERROR]-[http-nio-8088-exec-2] error
2020-01-29 01:13:02 [WARN]-[http-nio-8088-exec-2] warn
2020-01-29 01:13:04 [FATAL]-[http-nio-8088-exec-3] fatal
2020-01-29 01:13:04 [ERROR]-[http-nio-8088-exec-3] error
2020-01-29 01:13:04 [WARN]-[http-nio-8088-exec-3] warn
2020-01-29 01:13:05 [FATAL]-[http-nio-8088-exec-6] fatal
2020-01-29 01:13:05 [ERROR]-[http-nio-8088-exec-6] error
2020-01-29 01:13:05 [WARN]-[http-nio-8088-exec-6] warn
2020-01-29 01:13:06 [FATAL]-[http-nio-8088-exec-1] fatal
2020-01-29 01:13:06 [ERROR]-[http-nio-8088-exec-1] error
2020-01-29 01:13:06 [WARN]-[http-nio-8088-exec-1] warn
2020-01-29 01:13:07 [FATAL]-[http-nio-8088-exec-4] fatal
2020-01-29 01:13:07 [ERROR]-[http-nio-8088-exec-4] error
2020-01-29 01:13:07 [WARN]-[http-nio-8088-exec-4] warn
2020-01-29 01:13:08 [FATAL]-[http-nio-8088-exec-5] fatal
2020-01-29 01:13:08 [ERROR]-[http-nio-8088-exec-5] error
2020-01-29 01:13:08 [WARN]-[http-nio-8088-exec-5] warn
2020-01-29 01:13:09 [FATAL]-[http-nio-8088-exec-8] fatal
2020-01-29 01:13:09 [ERROR]-[http-nio-8088-exec-8] error
2020-01-29 01:13:09 [WARN]-[http-nio-8088-exec-8] warn
2020-01-29 01:13:10 [FATAL]-[http-nio-8088-exec-9] fatal
2020-01-29 01:13:10 [ERROR]-[http-nio-8088-exec-9] error
2020-01-29 01:13:10 [WARN]-[http-nio-8088-exec-9] warn
2020-01-29 01:13:11 [FATAL]-[http-nio-8088-exec-7] fatal
2020-01-29 01:13:11 [ERROR]-[http-nio-8088-exec-7] error
2020-01-29 01:13:11 [WARN]-[http-nio-8088-exec-7] warn
2020-01-29 01:13:12 [FATAL]-[http-nio-8088-exec-10] fatal
2020-01-29 01:13:12 [ERROR]-[http-nio-8088-exec-10] error
2020-01-29 01:13:12 [WARN]-[http-nio-8088-exec-10] warn
2020-01-29 01:13:13 [FATAL]-[http-nio-8088-exec-3] fatal
2020-01-29 01:13:13 [ERROR]-[http-nio-8088-exec-3] error
2020-01-29 01:13:13 [WARN]-[http-nio-8088-exec-3] warn
2020-01-29 01:13:42 [FATAL]-[http-nio-8088-exec-1] fatal
2020-01-29 01:13:42 [ERROR]-[http-nio-8088-exec-1] error
2020-01-29 01:13:42 [WARN]-[http-nio-8088-exec-1] warn
2020-01-29 01:13:43 [FATAL]-[http-nio-8088-exec-4] fatal
2020-01-29 01:13:43 [ERROR]-[http-nio-8088-exec-4] error
2020-01-29 01:13:43 [WARN]-[http-nio-8088-exec-4] warn
2020-01-29 01:13:44 [FATAL]-[http-nio-8088-exec-5] fatal
2020-01-29 01:13:44 [ERROR]-[http-nio-8088-exec-5] error
2020-01-29 01:13:44 [WARN]-[http-nio-8088-exec-5] warn
2020-01-29 01:13:45 [FATAL]-[http-nio-8088-exec-8] fatal
2020-01-29 01:13:45 [ERROR]-[http-nio-8088-exec-8] error
2020-01-29 01:13:45 [WARN]-[http-nio-8088-exec-8] warn
2020-01-29 01:13:46 [FATAL]-[http-nio-8088-exec-9] fatal
2020-01-29 01:13:46 [ERROR]-[http-nio-8088-exec-9] error
2020-01-29 01:13:46 [WARN]-[http-nio-8088-exec-9] warn
2020-01-29 01:13:46 [FATAL]-[http-nio-8088-exec-7] fatal
2020-01-29 01:13:46 [ERROR]-[http-nio-8088-exec-7] error
2020-01-29 01:13:46 [WARN]-[http-nio-8088-exec-7] warn
2020-01-29 01:13:47 [FATAL]-[http-nio-8088-exec-10] fatal
2020-01-29 01:13:47 [ERROR]-[http-nio-8088-exec-10] error
2020-01-29 01:13:47 [WARN]-[http-nio-8088-exec-10] warn
2020-01-29 01:13:48 [FATAL]-[http-nio-8088-exec-2] fatal
2020-01-29 01:13:48 [ERROR]-[http-nio-8088-exec-2] error
2020-01-29 01:13:48 [WARN]-[http-nio-8088-exec-2] warn
2020-01-29 01:13:48 [FATAL]-[http-nio-8088-exec-3] fatal
2020-01-29 01:13:48 [ERROR]-[http-nio-8088-exec-3] error
2020-01-29 01:13:48 [WARN]-[http-nio-8088-exec-3] warn
2020-01-29 01:13:49 [FATAL]-[http-nio-8088-exec-6] fatal
2020-01-29 01:13:49 [ERROR]-[http-nio-8088-exec-6] error
2020-01-29 01:13:49 [WARN]-[http-nio-8088-exec-6] warn
2020-01-29 01:13:50 [FATAL]-[http-nio-8088-exec-1] fatal
2020-01-29 01:13:50 [ERROR]-[http-nio-8088-exec-1] error
2020-01-29 01:13:50 [WARN]-[http-nio-8088-exec-1] warn
2020-01-29 01:13:51 [FATAL]-[http-nio-8088-exec-4] fatal
2020-01-29 01:13:51 [ERROR]-[http-nio-8088-exec-4] error
2020-01-29 01:13:51 [WARN]-[http-nio-8088-exec-4] warn
2020-01-29 01:15:05 [FATAL]-[http-nio-8088-exec-9] fatal
2020-01-29 01:15:05 [ERROR]-[http-nio-8088-exec-9] error
2020-01-29 01:15:05 [WARN]-[http-nio-8088-exec-9] warn
2020-01-29 01:15:06 [FATAL]-[http-nio-8088-exec-7] fatal
2020-01-29 01:15:06 [ERROR]-[http-nio-8088-exec-7] error
2020-01-29 01:15:06 [WARN]-[http-nio-8088-exec-7] warn
2020-01-29 01:15:06 [FATAL]-[http-nio-8088-exec-10] fatal
2020-01-29 01:15:06 [ERROR]-[http-nio-8088-exec-10] error
2020-01-29 01:15:06 [WARN]-[http-nio-8088-exec-10] warn
2020-01-29 01:15:07 [FATAL]-[http-nio-8088-exec-2] fatal
2020-01-29 01:15:07 [ERROR]-[http-nio-8088-exec-2] error
2020-01-29 01:15:07 [WARN]-[http-nio-8088-exec-2] warn
2020-01-29 01:15:08 [FATAL]-[http-nio-8088-exec-3] fatal
2020-01-29 01:15:08 [ERROR]-[http-nio-8088-exec-3] error
2020-01-29 01:15:08 [WARN]-[http-nio-8088-exec-3] warn
2020-01-29 01:15:08 [FATAL]-[http-nio-8088-exec-6] fatal
2020-01-29 01:15:08 [ERROR]-[http-nio-8088-exec-6] error
2020-01-29 01:15:08 [WARN]-[http-nio-8088-exec-6] warn
2020-01-29 01:15:09 [FATAL]-[http-nio-8088-exec-1] fatal
2020-01-29 01:15:09 [ERROR]-[http-nio-8088-exec-1] error
2020-01-29 01:15:09 [WARN]-[http-nio-8088-exec-1] warn
2020-01-29 01:15:09 [FATAL]-[http-nio-8088-exec-4] fatal
2020-01-29 01:15:09 [ERROR]-[http-nio-8088-exec-4] error
2020-01-29 01:15:09 [WARN]-[http-nio-8088-exec-4] warn
2020-01-29 01:15:10 [FATAL]-[http-nio-8088-exec-5] fatal
2020-01-29 01:15:10 [ERROR]-[http-nio-8088-exec-5] error
2020-01-29 01:15:10 [WARN]-[http-nio-8088-exec-5] warn
2020-01-29 01:15:11 [FATAL]-[http-nio-8088-exec-8] fatal
2020-01-29 01:15:11 [ERROR]-[http-nio-8088-exec-8] error
2020-01-29 01:15:11 [WARN]-[http-nio-8088-exec-8] warn
2020-01-29 01:15:11 [FATAL]-[http-nio-8088-exec-9] fatal
2020-01-29 01:15:11 [ERROR]-[http-nio-8088-exec-9] error
2020-01-29 01:15:11 [WARN]-[http-nio-8088-exec-9] warn
2020-01-29 01:15:12 [FATAL]-[http-nio-8088-exec-7] fatal
2020-01-29 01:15:12 [ERROR]-[http-nio-8088-exec-7] error
2020-01-29 01:15:12 [WARN]-[http-nio-8088-exec-7] warn
2020-01-29 01:15:13 [FATAL]-[http-nio-8088-exec-10] fatal
2020-01-29 01:15:13 [ERROR]-[http-nio-8088-exec-10] error
2020-01-29 01:15:13 [WARN]-[http-nio-8088-exec-10] warn
2020-01-29 01:15:13 [FATAL]-[http-nio-8088-exec-2] fatal
2020-01-29 01:15:13 [ERROR]-[http-nio-8088-exec-2] error
2020-01-29 01:15:13 [WARN]-[http-nio-8088-exec-2] warn
2020-01-29 01:15:14 [FATAL]-[http-nio-8088-exec-3] fatal
2020-01-29 01:15:14 [ERROR]-[http-nio-8088-exec-3] error
2020-01-29 01:15:14 [WARN]-[http-nio-8088-exec-3] warn
2020-01-29 01:15:14 [FATAL]-[http-nio-8088-exec-6] fatal
2020-01-29 01:15:14 [ERROR]-[http-nio-8088-exec-6] error
2020-01-29 01:15:14 [WARN]-[http-nio-8088-exec-6] warn
2020-01-29 01:25:05 [FATAL]-[main] fatal
2020-01-29 01:25:05 [ERROR]-[main] error
2020-01-29 01:25:05 [WARN]-[main] warn
